<?xml version="1.0" encoding="UTF-8"?>
<testsuite errors="0" failures="0" hostname="przemek-laptop" name="com.apphance.amebaTest.android.MyFirstTest" tests="1" time="4.243" timestamp="2012-04-26T15:10:00">
  <properties />
  <testcase classname="com.apphance.amebaTest.android.MyFirstTest" name="myFirstRobolectricTest" time="0.0010" />
  <system-out><![CDATA[Warning: an error occurred while binding shadow class: ShadowAndroidHttpClient
Warning: an error occurred while binding shadow class: ShadowGeoPoint
Warning: an error occurred while binding shadow class: ShadowItemizedOverlay
Warning: an error occurred while binding shadow class: ShadowMapController
Warning: an error occurred while binding shadow class: ShadowMapActivity
Warning: an error occurred while binding shadow class: ShadowMapView
Warning: an error occurred while binding shadow class: ShadowNdefMessage
Warning: an error occurred while binding shadow class: ShadowNdefRecord
Warning: an error occurred while binding shadow class: ShadowNfcAdapter
Warning: an error occurred while binding shadow class: ShadowOverlayItem
Warning: an error occurred while binding shadow class: ShadowPeriodicSync
]]></system-out>
  <system-err><![CDATA[]]></system-err>
</testsuite>
